  stdafx.cpp
  ConsoleApplication1.cpp
c:\users\wsq_s\source\repos\consoleapplication1\consoleapplication1\consoleapplication1.cpp(57): warning C4566: 由通用字符名称“\uFFFD”表示的字符不能在当前代码页(936)中表示出来
c:\users\wsq_s\source\repos\consoleapplication1\consoleapplication1\consoleapplication1.cpp(60): warning C4566: 由通用字符名称“\uFFFD”表示的字符不能在当前代码页(936)中表示出来
c:\users\wsq_s\source\repos\consoleapplication1\consoleapplication1\consoleapplication1.cpp(63): warning C4566: 由通用字符名称“\uFFFD”表示的字符不能在当前代码页(936)中表示出来
c:\users\wsq_s\source\repos\consoleapplication1\consoleapplication1\consoleapplication1.cpp(63): warning C4566: 由通用字符名称“\u0531”表示的字符不能在当前代码页(936)中表示出来
c:\users\wsq_s\source\repos\consoleapplication1\consoleapplication1\consoleapplication1.cpp(66): warning C4566: 由通用字符名称“\uFFFD”表示的字符不能在当前代码页(936)中表示出来
c:\users\wsq_s\source\repos\consoleapplication1\consoleapplication1\consoleapplication1.cpp(69): warning C4566: 由通用字符名称“\u05B0”表示的字符不能在当前代码页(936)中表示出来
c:\users\wsq_s\source\repos\consoleapplication1\consoleapplication1\consoleapplication1.cpp(69): warning C4566: 由通用字符名称“\uFFFD”表示的字符不能在当前代码页(936)中表示出来
c:\users\wsq_s\source\repos\consoleapplication1\consoleapplication1\consoleapplication1.cpp(72): warning C4566: 由通用字符名称“\u05B0”表示的字符不能在当前代码页(936)中表示出来
c:\users\wsq_s\source\repos\consoleapplication1\consoleapplication1\consoleapplication1.cpp(72): warning C4566: 由通用字符名称“\uFFFD”表示的字符不能在当前代码页(936)中表示出来
c:\users\wsq_s\source\repos\consoleapplication1\consoleapplication1\consoleapplication1.cpp(75): warning C4566: 由通用字符名称“\uFFFD”表示的字符不能在当前代码页(936)中表示出来
c:\users\wsq_s\source\repos\consoleapplication1\consoleapplication1\consoleapplication1.cpp(78): warning C4566: 由通用字符名称“\u0467”表示的字符不能在当前代码页(936)中表示出来
c:\users\wsq_s\source\repos\consoleapplication1\consoleapplication1\consoleapplication1.cpp(78): warning C4566: 由通用字符名称“\uFFFD”表示的字符不能在当前代码页(936)中表示出来
c:\users\wsq_s\source\repos\consoleapplication1\consoleapplication1\consoleapplication1.cpp(81): warning C4566: 由通用字符名称“\uFFFD”表示的字符不能在当前代码页(936)中表示出来
c:\users\wsq_s\source\repos\consoleapplication1\consoleapplication1\consoleapplication1.cpp(81): warning C4566: 由通用字符名称“\u02B1”表示的字符不能在当前代码页(936)中表示出来
c:\users\wsq_s\source\repos\consoleapplication1\consoleapplication1\consoleapplication1.cpp(84): warning C4566: 由通用字符名称“\uFFFD”表示的字符不能在当前代码页(936)中表示出来
c:\users\wsq_s\source\repos\consoleapplication1\consoleapplication1\consoleapplication1.cpp(84): warning C4566: 由通用字符名称“\u053A”表示的字符不能在当前代码页(936)中表示出来
c:\users\wsq_s\source\repos\consoleapplication1\consoleapplication1\consoleapplication1.cpp(84): warning C4566: 由通用字符名称“\u02B1”表示的字符不能在当前代码页(936)中表示出来
c:\users\wsq_s\source\repos\consoleapplication1\consoleapplication1\consoleapplication1.cpp(87): warning C4566: 由通用字符名称“\uFFFD”表示的字符不能在当前代码页(936)中表示出来
c:\users\wsq_s\source\repos\consoleapplication1\consoleapplication1\consoleapplication1.cpp(87): warning C4566: 由通用字符名称“\u0531”表示的字符不能在当前代码页(936)中表示出来
c:\users\wsq_s\source\repos\consoleapplication1\consoleapplication1\consoleapplication1.cpp(58): error C4996: 'scanf': This function or variable may be unsafe. Consider using scanf_s instead. To disable deprecation, use _CRT_SECURE_NO_WARNINGS. See online help for details.
  c:\program files (x86)\windows kits\10\include\10.0.17134.0\ucrt\stdio.h(1274): note: 参见“scanf”的声明
c:\users\wsq_s\source\repos\consoleapplication1\consoleapplication1\consoleapplication1.cpp(61): error C4996: 'scanf': This function or variable may be unsafe. Consider using scanf_s instead. To disable deprecation, use _CRT_SECURE_NO_WARNINGS. See online help for details.
  c:\program files (x86)\windows kits\10\include\10.0.17134.0\ucrt\stdio.h(1274): note: 参见“scanf”的声明
c:\users\wsq_s\source\repos\consoleapplication1\consoleapplication1\consoleapplication1.cpp(64): error C4996: 'scanf': This function or variable may be unsafe. Consider using scanf_s instead. To disable deprecation, use _CRT_SECURE_NO_WARNINGS. See online help for details.
  c:\program files (x86)\windows kits\10\include\10.0.17134.0\ucrt\stdio.h(1274): note: 参见“scanf”的声明
c:\users\wsq_s\source\repos\consoleapplication1\consoleapplication1\consoleapplication1.cpp(67): error C4996: 'scanf': This function or variable may be unsafe. Consider using scanf_s instead. To disable deprecation, use _CRT_SECURE_NO_WARNINGS. See online help for details.
  c:\program files (x86)\windows kits\10\include\10.0.17134.0\ucrt\stdio.h(1274): note: 参见“scanf”的声明
c:\users\wsq_s\source\repos\consoleapplication1\consoleapplication1\consoleapplication1.cpp(70): error C4996: 'scanf': This function or variable may be unsafe. Consider using scanf_s instead. To disable deprecation, use _CRT_SECURE_NO_WARNINGS. See online help for details.
  c:\program files (x86)\windows kits\10\include\10.0.17134.0\ucrt\stdio.h(1274): note: 参见“scanf”的声明
c:\users\wsq_s\source\repos\consoleapplication1\consoleapplication1\consoleapplication1.cpp(73): error C4996: 'scanf': This function or variable may be unsafe. Consider using scanf_s instead. To disable deprecation, use _CRT_SECURE_NO_WARNINGS. See online help for details.
  c:\program files (x86)\windows kits\10\include\10.0.17134.0\ucrt\stdio.h(1274): note: 参见“scanf”的声明
c:\users\wsq_s\source\repos\consoleapplication1\consoleapplication1\consoleapplication1.cpp(76): error C4996: 'scanf': This function or variable may be unsafe. Consider using scanf_s instead. To disable deprecation, use _CRT_SECURE_NO_WARNINGS. See online help for details.
  c:\program files (x86)\windows kits\10\include\10.0.17134.0\ucrt\stdio.h(1274): note: 参见“scanf”的声明
c:\users\wsq_s\source\repos\consoleapplication1\consoleapplication1\consoleapplication1.cpp(79): error C4996: 'scanf': This function or variable may be unsafe. Consider using scanf_s instead. To disable deprecation, use _CRT_SECURE_NO_WARNINGS. See online help for details.
  c:\program files (x86)\windows kits\10\include\10.0.17134.0\ucrt\stdio.h(1274): note: 参见“scanf”的声明
c:\users\wsq_s\source\repos\consoleapplication1\consoleapplication1\consoleapplication1.cpp(82): error C4996: 'scanf': This function or variable may be unsafe. Consider using scanf_s instead. To disable deprecation, use _CRT_SECURE_NO_WARNINGS. See online help for details.
  c:\program files (x86)\windows kits\10\include\10.0.17134.0\ucrt\stdio.h(1274): note: 参见“scanf”的声明
c:\users\wsq_s\source\repos\consoleapplication1\consoleapplication1\consoleapplication1.cpp(85): error C4996: 'scanf': This function or variable may be unsafe. Consider using scanf_s instead. To disable deprecation, use _CRT_SECURE_NO_WARNINGS. See online help for details.
  c:\program files (x86)\windows kits\10\include\10.0.17134.0\ucrt\stdio.h(1274): note: 参见“scanf”的声明
c:\users\wsq_s\source\repos\consoleapplication1\consoleapplication1\consoleapplication1.cpp(88): error C4996: 'scanf': This function or variable may be unsafe. Consider using scanf_s instead. To disable deprecation, use _CRT_SECURE_NO_WARNINGS. See online help for details.
  c:\program files (x86)\windows kits\10\include\10.0.17134.0\ucrt\stdio.h(1274): note: 参见“scanf”的声明
c:\users\wsq_s\source\repos\consoleapplication1\consoleapplication1\consoleapplication1.cpp(97): error C4996: 'fopen': This function or variable may be unsafe. Consider using fopen_s instead. To disable deprecation, use _CRT_SECURE_NO_WARNINGS. See online help for details.
  c:\program files (x86)\windows kits\10\include\10.0.17134.0\ucrt\stdio.h(208): note: 参见“fopen”的声明
c:\users\wsq_s\source\repos\consoleapplication1\consoleapplication1\consoleapplication1.cpp(115): warning C4566: 由通用字符名称“\uFFFD”表示的字符不能在当前代码页(936)中表示出来
c:\users\wsq_s\source\repos\consoleapplication1\consoleapplication1\consoleapplication1.cpp(115): warning C4566: 由通用字符名称“\u0279”表示的字符不能在当前代码页(936)中表示出来
c:\users\wsq_s\source\repos\consoleapplication1\consoleapplication1\consoleapplication1.cpp(117): warning C4566: 由通用字符名称“\u0461”表示的字符不能在当前代码页(936)中表示出来
c:\users\wsq_s\source\repos\consoleapplication1\consoleapplication1\consoleapplication1.cpp(117): warning C4566: 由通用字符名称“\uFFFD”表示的字符不能在当前代码页(936)中表示出来
c:\users\wsq_s\source\repos\consoleapplication1\consoleapplication1\consoleapplication1.cpp(117): warning C4566: 由通用字符名称“\u04AA”表示的字符不能在当前代码页(936)中表示出来
c:\users\wsq_s\source\repos\consoleapplication1\consoleapplication1\consoleapplication1.cpp(117): warning C4566: 由通用字符名称“\u02B5”表示的字符不能在当前代码页(936)中表示出来
c:\users\wsq_s\source\repos\consoleapplication1\consoleapplication1\consoleapplication1.cpp(117): warning C4566: 由通用字符名称“\u05B5”表示的字符不能在当前代码页(936)中表示出来
c:\users\wsq_s\source\repos\consoleapplication1\consoleapplication1\consoleapplication1.cpp(117): warning C4566: 由通用字符名称“\u0139”表示的字符不能在当前代码页(936)中表示出来
c:\users\wsq_s\source\repos\consoleapplication1\consoleapplication1\consoleapplication1.cpp(117): warning C4566: 由通用字符名称“\u02F5”表示的字符不能在当前代码页(936)中表示出来
c:\users\wsq_s\source\repos\consoleapplication1\consoleapplication1\consoleapplication1.cpp(118): error C4996: 'scanf': This function or variable may be unsafe. Consider using scanf_s instead. To disable deprecation, use _CRT_SECURE_NO_WARNINGS. See online help for details.
  c:\program files (x86)\windows kits\10\include\10.0.17134.0\ucrt\stdio.h(1274): note: 参见“scanf”的声明
c:\users\wsq_s\source\repos\consoleapplication1\consoleapplication1\consoleapplication1.cpp(129): error C4996: 'fopen': This function or variable may be unsafe. Consider using fopen_s instead. To disable deprecation, use _CRT_SECURE_NO_WARNINGS. See online help for details.
  c:\program files (x86)\windows kits\10\include\10.0.17134.0\ucrt\stdio.h(208): note: 参见“fopen”的声明
c:\users\wsq_s\source\repos\consoleapplication1\consoleapplication1\consoleapplication1.cpp(146): warning C4566: 由通用字符名称“\uFFFD”表示的字符不能在当前代码页(936)中表示出来
c:\users\wsq_s\source\repos\consoleapplication1\consoleapplication1\consoleapplication1.cpp(146): warning C4566: 由通用字符名称“\u0531”表示的字符不能在当前代码页(936)中表示出来
c:\users\wsq_s\source\repos\consoleapplication1\consoleapplication1\consoleapplication1.cpp(146): warning C4566: 由通用字符名称“\u05B0”表示的字符不能在当前代码页(936)中表示出来
c:\users\wsq_s\source\repos\consoleapplication1\consoleapplication1\consoleapplication1.cpp(146): warning C4566: 由通用字符名称“\u0467”表示的字符不能在当前代码页(936)中表示出来
c:\users\wsq_s\source\repos\consoleapplication1\consoleapplication1\consoleapplication1.cpp(146): warning C4566: 由通用字符名称“\u02B1”表示的字符不能在当前代码页(936)中表示出来
c:\users\wsq_s\source\repos\consoleapplication1\consoleapplication1\consoleapplication1.cpp(146): warning C4566: 由通用字符名称“\u053A”表示的字符不能在当前代码页(936)中表示出来
c:\users\wsq_s\source\repos\consoleapplication1\consoleapplication1\consoleapplication1.cpp(164): warning C4566: 由通用字符名称“\uFFFD”表示的字符不能在当前代码页(936)中表示出来
c:\users\wsq_s\source\repos\consoleapplication1\consoleapplication1\consoleapplication1.cpp(164): warning C4566: 由通用字符名称“\u0531”表示的字符不能在当前代码页(936)中表示出来
c:\users\wsq_s\source\repos\consoleapplication1\consoleapplication1\consoleapplication1.cpp(164): warning C4566: 由通用字符名称“\u05B0”表示的字符不能在当前代码页(936)中表示出来
c:\users\wsq_s\source\repos\consoleapplication1\consoleapplication1\consoleapplication1.cpp(164): warning C4566: 由通用字符名称“\u0467”表示的字符不能在当前代码页(936)中表示出来
c:\users\wsq_s\source\repos\consoleapplication1\consoleapplication1\consoleapplication1.cpp(164): warning C4566: 由通用字符名称“\u02B1”表示的字符不能在当前代码页(936)中表示出来
c:\users\wsq_s\source\repos\consoleapplication1\consoleapplication1\consoleapplication1.cpp(164): warning C4566: 由通用字符名称“\u053A”表示的字符不能在当前代码页(936)中表示出来
c:\users\wsq_s\source\repos\consoleapplication1\consoleapplication1\consoleapplication1.cpp(166): error C4996: 'scanf': This function or variable may be unsafe. Consider using scanf_s instead. To disable deprecation, use _CRT_SECURE_NO_WARNINGS. See online help for details.
  c:\program files (x86)\windows kits\10\include\10.0.17134.0\ucrt\stdio.h(1274): note: 参见“scanf”的声明
c:\users\wsq_s\source\repos\consoleapplication1\consoleapplication1\consoleapplication1.cpp(180): error C4996: 'scanf': This function or variable may be unsafe. Consider using scanf_s instead. To disable deprecation, use _CRT_SECURE_NO_WARNINGS. See online help for details.
  c:\program files (x86)\windows kits\10\include\10.0.17134.0\ucrt\stdio.h(1274): note: 参见“scanf”的声明
c:\users\wsq_s\source\repos\consoleapplication1\consoleapplication1\consoleapplication1.cpp(181): error C4996: 'scanf': This function or variable may be unsafe. Consider using scanf_s instead. To disable deprecation, use _CRT_SECURE_NO_WARNINGS. See online help for details.
  c:\program files (x86)\windows kits\10\include\10.0.17134.0\ucrt\stdio.h(1274): note: 参见“scanf”的声明
c:\users\wsq_s\source\repos\consoleapplication1\consoleapplication1\consoleapplication1.cpp(182): error C4996: 'scanf': This function or variable may be unsafe. Consider using scanf_s instead. To disable deprecation, use _CRT_SECURE_NO_WARNINGS. See online help for details.
  c:\program files (x86)\windows kits\10\include\10.0.17134.0\ucrt\stdio.h(1274): note: 参见“scanf”的声明
c:\users\wsq_s\source\repos\consoleapplication1\consoleapplication1\consoleapplication1.cpp(183): warning C4477: “scanf”: 格式字符串“%d”需要类型“int *”的参数，但可变参数 1 拥有了类型“char *”
  c:\users\wsq_s\source\repos\consoleapplication1\consoleapplication1\consoleapplication1.cpp(183): note: 请考虑在格式字符串中使用“%hhd”
c:\users\wsq_s\source\repos\consoleapplication1\consoleapplication1\consoleapplication1.cpp(183): error C4996: 'scanf': This function or variable may be unsafe. Consider using scanf_s instead. To disable deprecation, use _CRT_SECURE_NO_WARNINGS. See online help for details.
  c:\program files (x86)\windows kits\10\include\10.0.17134.0\ucrt\stdio.h(1274): note: 参见“scanf”的声明
c:\users\wsq_s\source\repos\consoleapplication1\consoleapplication1\consoleapplication1.cpp(184): error C4996: 'scanf': This function or variable may be unsafe. Consider using scanf_s instead. To disable deprecation, use _CRT_SECURE_NO_WARNINGS. See online help for details.
  c:\program files (x86)\windows kits\10\include\10.0.17134.0\ucrt\stdio.h(1274): note: 参见“scanf”的声明
c:\users\wsq_s\source\repos\consoleapplication1\consoleapplication1\consoleapplication1.cpp(185): error C4996: 'scanf': This function or variable may be unsafe. Consider using scanf_s instead. To disable deprecation, use _CRT_SECURE_NO_WARNINGS. See online help for details.
  c:\program files (x86)\windows kits\10\include\10.0.17134.0\ucrt\stdio.h(1274): note: 参见“scanf”的声明
c:\users\wsq_s\source\repos\consoleapplication1\consoleapplication1\consoleapplication1.cpp(186): error C4996: 'scanf': This function or variable may be unsafe. Consider using scanf_s instead. To disable deprecation, use _CRT_SECURE_NO_WARNINGS. See online help for details.
  c:\program files (x86)\windows kits\10\include\10.0.17134.0\ucrt\stdio.h(1274): note: 参见“scanf”的声明
c:\users\wsq_s\source\repos\consoleapplication1\consoleapplication1\consoleapplication1.cpp(187): error C4996: 'scanf': This function or variable may be unsafe. Consider using scanf_s instead. To disable deprecation, use _CRT_SECURE_NO_WARNINGS. See online help for details.
  c:\program files (x86)\windows kits\10\include\10.0.17134.0\ucrt\stdio.h(1274): note: 参见“scanf”的声明
c:\users\wsq_s\source\repos\consoleapplication1\consoleapplication1\consoleapplication1.cpp(188): warning C4477: “scanf”: 格式字符串“%d”需要类型“int *”的参数，但可变参数 1 拥有了类型“char *”
  c:\users\wsq_s\source\repos\consoleapplication1\consoleapplication1\consoleapplication1.cpp(188): note: 请考虑在格式字符串中使用“%hhd”
c:\users\wsq_s\source\repos\consoleapplication1\consoleapplication1\consoleapplication1.cpp(188): error C4996: 'scanf': This function or variable may be unsafe. Consider using scanf_s instead. To disable deprecation, use _CRT_SECURE_NO_WARNINGS. See online help for details.
  c:\program files (x86)\windows kits\10\include\10.0.17134.0\ucrt\stdio.h(1274): note: 参见“scanf”的声明
c:\users\wsq_s\source\repos\consoleapplication1\consoleapplication1\consoleapplication1.cpp(189): error C4996: 'scanf': This function or variable may be unsafe. Consider using scanf_s instead. To disable deprecation, use _CRT_SECURE_NO_WARNINGS. See online help for details.
  c:\program files (x86)\windows kits\10\include\10.0.17134.0\ucrt\stdio.h(1274): note: 参见“scanf”的声明
c:\users\wsq_s\source\repos\consoleapplication1\consoleapplication1\consoleapplication1.cpp(190): error C4996: 'scanf': This function or variable may be unsafe. Consider using scanf_s instead. To disable deprecation, use _CRT_SECURE_NO_WARNINGS. See online help for details.
  c:\program files (x86)\windows kits\10\include\10.0.17134.0\ucrt\stdio.h(1274): note: 参见“scanf”的声明
c:\users\wsq_s\source\repos\consoleapplication1\consoleapplication1\consoleapplication1.cpp(199): error C4996: 'scanf': This function or variable may be unsafe. Consider using scanf_s instead. To disable deprecation, use _CRT_SECURE_NO_WARNINGS. See online help for details.
  c:\program files (x86)\windows kits\10\include\10.0.17134.0\ucrt\stdio.h(1274): note: 参见“scanf”的声明
c:\users\wsq_s\source\repos\consoleapplication1\consoleapplication1\consoleapplication1.cpp(213): warning C4566: 由通用字符名称“\uFFFD”表示的字符不能在当前代码页(936)中表示出来
c:\users\wsq_s\source\repos\consoleapplication1\consoleapplication1\consoleapplication1.cpp(211): error C4996: 'scanf': This function or variable may be unsafe. Consider using scanf_s instead. To disable deprecation, use _CRT_SECURE_NO_WARNINGS. See online help for details.
  c:\program files (x86)\windows kits\10\include\10.0.17134.0\ucrt\stdio.h(1274): note: 参见“scanf”的声明
c:\users\wsq_s\source\repos\consoleapplication1\consoleapplication1\consoleapplication1.cpp(234): error C4996: 'scanf': This function or variable may be unsafe. Consider using scanf_s instead. To disable deprecation, use _CRT_SECURE_NO_WARNINGS. See online help for details.
  c:\program files (x86)\windows kits\10\include\10.0.17134.0\ucrt\stdio.h(1274): note: 参见“scanf”的声明
c:\users\wsq_s\source\repos\consoleapplication1\consoleapplication1\consoleapplication1.cpp(243): error C4996: 'fopen': This function or variable may be unsafe. Consider using fopen_s instead. To disable deprecation, use _CRT_SECURE_NO_WARNINGS. See online help for details.
  c:\program files (x86)\windows kits\10\include\10.0.17134.0\ucrt\stdio.h(208): note: 参见“fopen”的声明
c:\users\wsq_s\source\repos\consoleapplication1\consoleapplication1\consoleapplication1.cpp(274): error C4996: 'getch': The POSIX name for this item is deprecated. Instead, use the ISO C and C++ conformant name: _getch. See online help for details.
  c:\program files (x86)\windows kits\10\include\10.0.17134.0\ucrt\conio.h(453): note: 参见“getch”的声明
c:\users\wsq_s\source\repos\consoleapplication1\consoleapplication1\consoleapplication1.cpp(283): error C4996: 'scanf': This function or variable may be unsafe. Consider using scanf_s instead. To disable deprecation, use _CRT_SECURE_NO_WARNINGS. See online help for details.
  c:\program files (x86)\windows kits\10\include\10.0.17134.0\ucrt\stdio.h(1274): note: 参见“scanf”的声明
c:\users\wsq_s\source\repos\consoleapplication1\consoleapplication1\consoleapplication1.cpp(304): error C4996: 'scanf': This function or variable may be unsafe. Consider using scanf_s instead. To disable deprecation, use _CRT_SECURE_NO_WARNINGS. See online help for details.
  c:\program files (x86)\windows kits\10\include\10.0.17134.0\ucrt\stdio.h(1274): note: 参见“scanf”的声明
c:\users\wsq_s\source\repos\consoleapplication1\consoleapplication1\consoleapplication1.cpp(332): error C4996: 'scanf': This function or variable may be unsafe. Consider using scanf_s instead. To disable deprecation, use _CRT_SECURE_NO_WARNINGS. See online help for details.
  c:\program files (x86)\windows kits\10\include\10.0.17134.0\ucrt\stdio.h(1274): note: 参见“scanf”的声明
c:\users\wsq_s\source\repos\consoleapplication1\consoleapplication1\consoleapplication1.cpp(338): error C4996: 'scanf': This function or variable may be unsafe. Consider using scanf_s instead. To disable deprecation, use _CRT_SECURE_NO_WARNINGS. See online help for details.
  c:\program files (x86)\windows kits\10\include\10.0.17134.0\ucrt\stdio.h(1274): note: 参见“scanf”的声明
c:\users\wsq_s\source\repos\consoleapplication1\consoleapplication1\consoleapplication1.cpp(343): error C4996: 'fopen': This function or variable may be unsafe. Consider using fopen_s instead. To disable deprecation, use _CRT_SECURE_NO_WARNINGS. See online help for details.
  c:\program files (x86)\windows kits\10\include\10.0.17134.0\ucrt\stdio.h(208): note: 参见“fopen”的声明
c:\users\wsq_s\source\repos\consoleapplication1\consoleapplication1\consoleapplication1.cpp(370): error C4996: 'getch': The POSIX name for this item is deprecated. Instead, use the ISO C and C++ conformant name: _getch. See online help for details.
  c:\program files (x86)\windows kits\10\include\10.0.17134.0\ucrt\conio.h(453): note: 参见“getch”的声明
c:\users\wsq_s\source\repos\consoleapplication1\consoleapplication1\consoleapplication1.cpp(379): error C4996: 'getch': The POSIX name for this item is deprecated. Instead, use the ISO C and C++ conformant name: _getch. See online help for details.
  c:\program files (x86)\windows kits\10\include\10.0.17134.0\ucrt\conio.h(453): note: 参见“getch”的声明
c:\users\wsq_s\source\repos\consoleapplication1\consoleapplication1\consoleapplication1.cpp(395): error C4996: 'scanf': This function or variable may be unsafe. Consider using scanf_s instead. To disable deprecation, use _CRT_SECURE_NO_WARNINGS. See online help for details.
  c:\program files (x86)\windows kits\10\include\10.0.17134.0\ucrt\stdio.h(1274): note: 参见“scanf”的声明
c:\users\wsq_s\source\repos\consoleapplication1\consoleapplication1\consoleapplication1.cpp(404): error C4996: 'scanf': This function or variable may be unsafe. Consider using scanf_s instead. To disable deprecation, use _CRT_SECURE_NO_WARNINGS. See online help for details.
  c:\program files (x86)\windows kits\10\include\10.0.17134.0\ucrt\stdio.h(1274): note: 参见“scanf”的声明
c:\users\wsq_s\source\repos\consoleapplication1\consoleapplication1\consoleapplication1.cpp(418): error C4996: 'scanf': This function or variable may be unsafe. Consider using scanf_s instead. To disable deprecation, use _CRT_SECURE_NO_WARNINGS. See online help for details.
  c:\program files (x86)\windows kits\10\include\10.0.17134.0\ucrt\stdio.h(1274): note: 参见“scanf”的声明
c:\users\wsq_s\source\repos\consoleapplication1\consoleapplication1\consoleapplication1.cpp(430): error C4996: 'scanf': This function or variable may be unsafe. Consider using scanf_s instead. To disable deprecation, use _CRT_SECURE_NO_WARNINGS. See online help for details.
  c:\program files (x86)\windows kits\10\include\10.0.17134.0\ucrt\stdio.h(1274): note: 参见“scanf”的声明
c:\users\wsq_s\source\repos\consoleapplication1\consoleapplication1\consoleapplication1.cpp(445): error C4996: 'scanf': This function or variable may be unsafe. Consider using scanf_s instead. To disable deprecation, use _CRT_SECURE_NO_WARNINGS. See online help for details.
  c:\program files (x86)\windows kits\10\include\10.0.17134.0\ucrt\stdio.h(1274): note: 参见“scanf”的声明
c:\users\wsq_s\source\repos\consoleapplication1\consoleapplication1\consoleapplication1.cpp(458): error C4996: 'scanf': This function or variable may be unsafe. Consider using scanf_s instead. To disable deprecation, use _CRT_SECURE_NO_WARNINGS. See online help for details.
  c:\program files (x86)\windows kits\10\include\10.0.17134.0\ucrt\stdio.h(1274): note: 参见“scanf”的声明
c:\users\wsq_s\source\repos\consoleapplication1\consoleapplication1\consoleapplication1.cpp(470): error C4996: 'scanf': This function or variable may be unsafe. Consider using scanf_s instead. To disable deprecation, use _CRT_SECURE_NO_WARNINGS. See online help for details.
  c:\program files (x86)\windows kits\10\include\10.0.17134.0\ucrt\stdio.h(1274): note: 参见“scanf”的声明
c:\users\wsq_s\source\repos\consoleapplication1\consoleapplication1\consoleapplication1.cpp(489): warning C4566: 由通用字符名称“\uFFFD”表示的字符不能在当前代码页(936)中表示出来
c:\users\wsq_s\source\repos\consoleapplication1\consoleapplication1\consoleapplication1.cpp(489): warning C4566: 由通用字符名称“\u0531”表示的字符不能在当前代码页(936)中表示出来
c:\users\wsq_s\source\repos\consoleapplication1\consoleapplication1\consoleapplication1.cpp(489): warning C4566: 由通用字符名称“\u05B0”表示的字符不能在当前代码页(936)中表示出来
c:\users\wsq_s\source\repos\consoleapplication1\consoleapplication1\consoleapplication1.cpp(489): warning C4566: 由通用字符名称“\u0467”表示的字符不能在当前代码页(936)中表示出来
c:\users\wsq_s\source\repos\consoleapplication1\consoleapplication1\consoleapplication1.cpp(489): warning C4566: 由通用字符名称“\u02B1”表示的字符不能在当前代码页(936)中表示出来
c:\users\wsq_s\source\repos\consoleapplication1\consoleapplication1\consoleapplication1.cpp(489): warning C4566: 由通用字符名称“\u053A”表示的字符不能在当前代码页(936)中表示出来
c:\users\wsq_s\source\repos\consoleapplication1\consoleapplication1\consoleapplication1.cpp(514): warning C4566: 由通用字符名称“\u00FB”表示的字符不能在当前代码页(936)中表示出来
c:\users\wsq_s\source\repos\consoleapplication1\consoleapplication1\consoleapplication1.cpp(514): warning C4566: 由通用字符名称“\uFFFD”表示的字符不能在当前代码页(936)中表示出来
c:\users\wsq_s\source\repos\consoleapplication1\consoleapplication1\consoleapplication1.cpp(514): warning C4566: 由通用字符名称“\u03E2”表示的字符不能在当前代码页(936)中表示出来
c:\users\wsq_s\source\repos\consoleapplication1\consoleapplication1\consoleapplication1.cpp(515): warning C4566: 由通用字符名称“\uFFFD”表示的字符不能在当前代码页(936)中表示出来
c:\users\wsq_s\source\repos\consoleapplication1\consoleapplication1\consoleapplication1.cpp(515): warning C4566: 由通用字符名称“\u02E3”表示的字符不能在当前代码页(936)中表示出来
c:\users\wsq_s\source\repos\consoleapplication1\consoleapplication1\consoleapplication1.cpp(526): warning C4566: 由通用字符名称“\u00FB”表示的字符不能在当前代码页(936)中表示出来
c:\users\wsq_s\source\repos\consoleapplication1\consoleapplication1\consoleapplication1.cpp(526): warning C4566: 由通用字符名称“\uFFFD”表示的字符不能在当前代码页(936)中表示出来
c:\users\wsq_s\source\repos\consoleapplication1\consoleapplication1\consoleapplication1.cpp(526): warning C4566: 由通用字符名称“\u03E2”表示的字符不能在当前代码页(936)中表示出来
c:\users\wsq_s\source\repos\consoleapplication1\consoleapplication1\consoleapplication1.cpp(527): warning C4566: 由通用字符名称“\uFFFD”表示的字符不能在当前代码页(936)中表示出来
c:\users\wsq_s\source\repos\consoleapplication1\consoleapplication1\consoleapplication1.cpp(527): warning C4566: 由通用字符名称“\u02E3”表示的字符不能在当前代码页(936)中表示出来
c:\users\wsq_s\source\repos\consoleapplication1\consoleapplication1\consoleapplication1.cpp(538): warning C4566: 由通用字符名称“\u00FB”表示的字符不能在当前代码页(936)中表示出来
c:\users\wsq_s\source\repos\consoleapplication1\consoleapplication1\consoleapplication1.cpp(538): warning C4566: 由通用字符名称“\uFFFD”表示的字符不能在当前代码页(936)中表示出来
c:\users\wsq_s\source\repos\consoleapplication1\consoleapplication1\consoleapplication1.cpp(538): warning C4566: 由通用字符名称“\u03E2”表示的字符不能在当前代码页(936)中表示出来
c:\users\wsq_s\source\repos\consoleapplication1\consoleapplication1\consoleapplication1.cpp(539): warning C4566: 由通用字符名称“\uFFFD”表示的字符不能在当前代码页(936)中表示出来
c:\users\wsq_s\source\repos\consoleapplication1\consoleapplication1\consoleapplication1.cpp(539): warning C4566: 由通用字符名称“\u02E3”表示的字符不能在当前代码页(936)中表示出来
c:\users\wsq_s\source\repos\consoleapplication1\consoleapplication1\consoleapplication1.cpp(549): warning C4566: 由通用字符名称“\u00FB”表示的字符不能在当前代码页(936)中表示出来
c:\users\wsq_s\source\repos\consoleapplication1\consoleapplication1\consoleapplication1.cpp(549): warning C4566: 由通用字符名称“\uFFFD”表示的字符不能在当前代码页(936)中表示出来
c:\users\wsq_s\source\repos\consoleapplication1\consoleapplication1\consoleapplication1.cpp(549): warning C4566: 由通用字符名称“\u03E2”表示的字符不能在当前代码页(936)中表示出来
c:\users\wsq_s\source\repos\consoleapplication1\consoleapplication1\consoleapplication1.cpp(550): warning C4566: 由通用字符名称“\uFFFD”表示的字符不能在当前代码页(936)中表示出来
c:\users\wsq_s\source\repos\consoleapplication1\consoleapplication1\consoleapplication1.cpp(550): warning C4566: 由通用字符名称“\u02E3”表示的字符不能在当前代码页(936)中表示出来
c:\users\wsq_s\source\repos\consoleapplication1\consoleapplication1\consoleapplication1.cpp(560): warning C4566: 由通用字符名称“\u00FB”表示的字符不能在当前代码页(936)中表示出来
c:\users\wsq_s\source\repos\consoleapplication1\consoleapplication1\consoleapplication1.cpp(560): warning C4566: 由通用字符名称“\uFFFD”表示的字符不能在当前代码页(936)中表示出来
c:\users\wsq_s\source\repos\consoleapplication1\consoleapplication1\consoleapplication1.cpp(560): warning C4566: 由通用字符名称“\u03E2”表示的字符不能在当前代码页(936)中表示出来
c:\users\wsq_s\source\repos\consoleapplication1\consoleapplication1\consoleapplication1.cpp(561): warning C4566: 由通用字符名称“\uFFFD”表示的字符不能在当前代码页(936)中表示出来
c:\users\wsq_s\source\repos\consoleapplication1\consoleapplication1\consoleapplication1.cpp(561): warning C4566: 由通用字符名称“\u02E3”表示的字符不能在当前代码页(936)中表示出来
c:\users\wsq_s\source\repos\consoleapplication1\consoleapplication1\consoleapplication1.cpp(571): warning C4566: 由通用字符名称“\u00FB”表示的字符不能在当前代码页(936)中表示出来
c:\users\wsq_s\source\repos\consoleapplication1\consoleapplication1\consoleapplication1.cpp(571): warning C4566: 由通用字符名称“\uFFFD”表示的字符不能在当前代码页(936)中表示出来
c:\users\wsq_s\source\repos\consoleapplication1\consoleapplication1\consoleapplication1.cpp(571): warning C4566: 由通用字符名称“\u03E2”表示的字符不能在当前代码页(936)中表示出来
c:\users\wsq_s\source\repos\consoleapplication1\consoleapplication1\consoleapplication1.cpp(572): warning C4566: 由通用字符名称“\uFFFD”表示的字符不能在当前代码页(936)中表示出来
c:\users\wsq_s\source\repos\consoleapplication1\consoleapplication1\consoleapplication1.cpp(572): warning C4566: 由通用字符名称“\u02E3”表示的字符不能在当前代码页(936)中表示出来
c:\users\wsq_s\source\repos\consoleapplication1\consoleapplication1\consoleapplication1.cpp(582): warning C4566: 由通用字符名称“\u00FB”表示的字符不能在当前代码页(936)中表示出来
c:\users\wsq_s\source\repos\consoleapplication1\consoleapplication1\consoleapplication1.cpp(582): warning C4566: 由通用字符名称“\uFFFD”表示的字符不能在当前代码页(936)中表示出来
c:\users\wsq_s\source\repos\consoleapplication1\consoleapplication1\consoleapplication1.cpp(582): warning C4566: 由通用字符名称“\u03E2”表示的字符不能在当前代码页(936)中表示出来
c:\users\wsq_s\source\repos\consoleapplication1\consoleapplication1\consoleapplication1.cpp(583): warning C4566: 由通用字符名称“\uFFFD”表示的字符不能在当前代码页(936)中表示出来
c:\users\wsq_s\source\repos\consoleapplication1\consoleapplication1\consoleapplication1.cpp(583): warning C4566: 由通用字符名称“\u02E3”表示的字符不能在当前代码页(936)中表示出来
c:\users\wsq_s\source\repos\consoleapplication1\consoleapplication1\consoleapplication1.cpp(593): warning C4566: 由通用字符名称“\u00FB”表示的字符不能在当前代码页(936)中表示出来
c:\users\wsq_s\source\repos\consoleapplication1\consoleapplication1\consoleapplication1.cpp(593): warning C4566: 由通用字符名称“\uFFFD”表示的字符不能在当前代码页(936)中表示出来
c:\users\wsq_s\source\repos\consoleapplication1\consoleapplication1\consoleapplication1.cpp(593): warning C4566: 由通用字符名称“\u03E2”表示的字符不能在当前代码页(936)中表示出来
c:\users\wsq_s\source\repos\consoleapplication1\consoleapplication1\consoleapplication1.cpp(594): warning C4566: 由通用字符名称“\uFFFD”表示的字符不能在当前代码页(936)中表示出来
c:\users\wsq_s\source\repos\consoleapplication1\consoleapplication1\consoleapplication1.cpp(594): warning C4566: 由通用字符名称“\u02E3”表示的字符不能在当前代码页(936)中表示出来
c:\users\wsq_s\source\repos\consoleapplication1\consoleapplication1\consoleapplication1.cpp(604): warning C4566: 由通用字符名称“\u00FB”表示的字符不能在当前代码页(936)中表示出来
c:\users\wsq_s\source\repos\consoleapplication1\consoleapplication1\consoleapplication1.cpp(604): warning C4566: 由通用字符名称“\uFFFD”表示的字符不能在当前代码页(936)中表示出来
c:\users\wsq_s\source\repos\consoleapplication1\consoleapplication1\consoleapplication1.cpp(604): warning C4566: 由通用字符名称“\u03E2”表示的字符不能在当前代码页(936)中表示出来
c:\users\wsq_s\source\repos\consoleapplication1\consoleapplication1\consoleapplication1.cpp(605): warning C4566: 由通用字符名称“\uFFFD”表示的字符不能在当前代码页(936)中表示出来
c:\users\wsq_s\source\repos\consoleapplication1\consoleapplication1\consoleapplication1.cpp(605): warning C4566: 由通用字符名称“\u02E3”表示的字符不能在当前代码页(936)中表示出来
c:\users\wsq_s\source\repos\consoleapplication1\consoleapplication1\consoleapplication1.cpp(615): warning C4566: 由通用字符名称“\u00FB”表示的字符不能在当前代码页(936)中表示出来
c:\users\wsq_s\source\repos\consoleapplication1\consoleapplication1\consoleapplication1.cpp(615): warning C4566: 由通用字符名称“\uFFFD”表示的字符不能在当前代码页(936)中表示出来
c:\users\wsq_s\source\repos\consoleapplication1\consoleapplication1\consoleapplication1.cpp(615): warning C4566: 由通用字符名称“\u03E2”表示的字符不能在当前代码页(936)中表示出来
c:\users\wsq_s\source\repos\consoleapplication1\consoleapplication1\consoleapplication1.cpp(616): warning C4566: 由通用字符名称“\uFFFD”表示的字符不能在当前代码页(936)中表示出来
c:\users\wsq_s\source\repos\consoleapplication1\consoleapplication1\consoleapplication1.cpp(616): warning C4566: 由通用字符名称“\u02E3”表示的字符不能在当前代码页(936)中表示出来
c:\users\wsq_s\source\repos\consoleapplication1\consoleapplication1\consoleapplication1.cpp(626): warning C4566: 由通用字符名称“\u00FB”表示的字符不能在当前代码页(936)中表示出来
c:\users\wsq_s\source\repos\consoleapplication1\consoleapplication1\consoleapplication1.cpp(626): warning C4566: 由通用字符名称“\uFFFD”表示的字符不能在当前代码页(936)中表示出来
c:\users\wsq_s\source\repos\consoleapplication1\consoleapplication1\consoleapplication1.cpp(626): warning C4566: 由通用字符名称“\u03E2”表示的字符不能在当前代码页(936)中表示出来
c:\users\wsq_s\source\repos\consoleapplication1\consoleapplication1\consoleapplication1.cpp(627): warning C4566: 由通用字符名称“\uFFFD”表示的字符不能在当前代码页(936)中表示出来
c:\users\wsq_s\source\repos\consoleapplication1\consoleapplication1\consoleapplication1.cpp(627): warning C4566: 由通用字符名称“\u02E3”表示的字符不能在当前代码页(936)中表示出来
c:\users\wsq_s\source\repos\consoleapplication1\consoleapplication1\consoleapplication1.cpp(491): error C4996: 'scanf': This function or variable may be unsafe. Consider using scanf_s instead. To disable deprecation, use _CRT_SECURE_NO_WARNINGS. See online help for details.
  c:\program files (x86)\windows kits\10\include\10.0.17134.0\ucrt\stdio.h(1274): note: 参见“scanf”的声明
c:\users\wsq_s\source\repos\consoleapplication1\consoleapplication1\consoleapplication1.cpp(505): error C4996: 'scanf': This function or variable may be unsafe. Consider using scanf_s instead. To disable deprecation, use _CRT_SECURE_NO_WARNINGS. See online help for details.
  c:\program files (x86)\windows kits\10\include\10.0.17134.0\ucrt\stdio.h(1274): note: 参见“scanf”的声明
c:\users\wsq_s\source\repos\consoleapplication1\consoleapplication1\consoleapplication1.cpp(517): error C4996: 'scanf': This function or variable may be unsafe. Consider using scanf_s instead. To disable deprecation, use _CRT_SECURE_NO_WARNINGS. See online help for details.
  c:\program files (x86)\windows kits\10\include\10.0.17134.0\ucrt\stdio.h(1274): note: 参见“scanf”的声明
c:\users\wsq_s\source\repos\consoleapplication1\consoleapplication1\consoleapplication1.cpp(529): error C4996: 'scanf': This function or variable may be unsafe. Consider using scanf_s instead. To disable deprecation, use _CRT_SECURE_NO_WARNINGS. See online help for details.
  c:\program files (x86)\windows kits\10\include\10.0.17134.0\ucrt\stdio.h(1274): note: 参见“scanf”的声明
c:\users\wsq_s\source\repos\consoleapplication1\consoleapplication1\consoleapplication1.cpp(540): warning C4477: “scanf”: 格式字符串“%d”需要类型“int *”的参数，但可变参数 1 拥有了类型“char *”
  c:\users\wsq_s\source\repos\consoleapplication1\consoleapplication1\consoleapplication1.cpp(540): note: 请考虑在格式字符串中使用“%hhd”
c:\users\wsq_s\source\repos\consoleapplication1\consoleapplication1\consoleapplication1.cpp(540): error C4996: 'scanf': This function or variable may be unsafe. Consider using scanf_s instead. To disable deprecation, use _CRT_SECURE_NO_WARNINGS. See online help for details.
  c:\program files (x86)\windows kits\10\include\10.0.17134.0\ucrt\stdio.h(1274): note: 参见“scanf”的声明
c:\users\wsq_s\source\repos\consoleapplication1\consoleapplication1\consoleapplication1.cpp(551): error C4996: 'scanf': This function or variable may be unsafe. Consider using scanf_s instead. To disable deprecation, use _CRT_SECURE_NO_WARNINGS. See online help for details.
  c:\program files (x86)\windows kits\10\include\10.0.17134.0\ucrt\stdio.h(1274): note: 参见“scanf”的声明
c:\users\wsq_s\source\repos\consoleapplication1\consoleapplication1\consoleapplication1.cpp(562): error C4996: 'scanf': This function or variable may be unsafe. Consider using scanf_s instead. To disable deprecation, use _CRT_SECURE_NO_WARNINGS. See online help for details.
  c:\program files (x86)\windows kits\10\include\10.0.17134.0\ucrt\stdio.h(1274): note: 参见“scanf”的声明
c:\users\wsq_s\source\repos\consoleapplication1\consoleapplication1\consoleapplication1.cpp(573): error C4996: 'scanf': This function or variable may be unsafe. Consider using scanf_s instead. To disable deprecation, use _CRT_SECURE_NO_WARNINGS. See online help for details.
  c:\program files (x86)\windows kits\10\include\10.0.17134.0\ucrt\stdio.h(1274): note: 参见“scanf”的声明
c:\users\wsq_s\source\repos\consoleapplication1\consoleapplication1\consoleapplication1.cpp(584): error C4996: 'scanf': This function or variable may be unsafe. Consider using scanf_s instead. To disable deprecation, use _CRT_SECURE_NO_WARNINGS. See online help for details.
  c:\program files (x86)\windows kits\10\include\10.0.17134.0\ucrt\stdio.h(1274): note: 参见“scanf”的声明
c:\users\wsq_s\source\repos\consoleapplication1\consoleapplication1\consoleapplication1.cpp(595): warning C4477: “scanf”: 格式字符串“%d”需要类型“int *”的参数，但可变参数 1 拥有了类型“char *”
  c:\users\wsq_s\source\repos\consoleapplication1\consoleapplication1\consoleapplication1.cpp(595): note: 请考虑在格式字符串中使用“%hhd”
c:\users\wsq_s\source\repos\consoleapplication1\consoleapplication1\consoleapplication1.cpp(595): error C4996: 'scanf': This function or variable may be unsafe. Consider using scanf_s instead. To disable deprecation, use _CRT_SECURE_NO_WARNINGS. See online help for details.
  c:\program files (x86)\windows kits\10\include\10.0.17134.0\ucrt\stdio.h(1274): note: 参见“scanf”的声明
c:\users\wsq_s\source\repos\consoleapplication1\consoleapplication1\consoleapplication1.cpp(606): error C4996: 'scanf': This function or variable may be unsafe. Consider using scanf_s instead. To disable deprecation, use _CRT_SECURE_NO_WARNINGS. See online help for details.
  c:\program files (x86)\windows kits\10\include\10.0.17134.0\ucrt\stdio.h(1274): note: 参见“scanf”的声明
c:\users\wsq_s\source\repos\consoleapplication1\consoleapplication1\consoleapplication1.cpp(617): error C4996: 'scanf': This function or variable may be unsafe. Consider using scanf_s instead. To disable deprecation, use _CRT_SECURE_NO_WARNINGS. See online help for details.
  c:\program files (x86)\windows kits\10\include\10.0.17134.0\ucrt\stdio.h(1274): note: 参见“scanf”的声明
c:\users\wsq_s\source\repos\consoleapplication1\consoleapplication1\consoleapplication1.cpp(650): error C4996: 'scanf': This function or variable may be unsafe. Consider using scanf_s instead. To disable deprecation, use _CRT_SECURE_NO_WARNINGS. See online help for details.
  c:\program files (x86)\windows kits\10\include\10.0.17134.0\ucrt\stdio.h(1274): note: 参见“scanf”的声明
c:\users\wsq_s\source\repos\consoleapplication1\consoleapplication1\consoleapplication1.cpp(667): error C4996: 'strcpy': This function or variable may be unsafe. Consider using strcpy_s instead. To disable deprecation, use _CRT_SECURE_NO_WARNINGS. See online help for details.
  c:\program files (x86)\windows kits\10\include\10.0.17134.0\ucrt\string.h(133): note: 参见“strcpy”的声明
c:\users\wsq_s\source\repos\consoleapplication1\consoleapplication1\consoleapplication1.cpp(668): error C4996: 'strcpy': This function or variable may be unsafe. Consider using strcpy_s instead. To disable deprecation, use _CRT_SECURE_NO_WARNINGS. See online help for details.
  c:\program files (x86)\windows kits\10\include\10.0.17134.0\ucrt\string.h(133): note: 参见“strcpy”的声明
c:\users\wsq_s\source\repos\consoleapplication1\consoleapplication1\consoleapplication1.cpp(669): error C4996: 'strcpy': This function or variable may be unsafe. Consider using strcpy_s instead. To disable deprecation, use _CRT_SECURE_NO_WARNINGS. See online help for details.
  c:\program files (x86)\windows kits\10\include\10.0.17134.0\ucrt\string.h(133): note: 参见“strcpy”的声明
c:\users\wsq_s\source\repos\consoleapplication1\consoleapplication1\consoleapplication1.cpp(670): error C4996: 'strcpy': This function or variable may be unsafe. Consider using strcpy_s instead. To disable deprecation, use _CRT_SECURE_NO_WARNINGS. See online help for details.
  c:\program files (x86)\windows kits\10\include\10.0.17134.0\ucrt\string.h(133): note: 参见“strcpy”的声明
c:\users\wsq_s\source\repos\consoleapplication1\consoleapplication1\consoleapplication1.cpp(671): error C4996: 'strcpy': This function or variable may be unsafe. Consider using strcpy_s instead. To disable deprecation, use _CRT_SECURE_NO_WARNINGS. See online help for details.
  c:\program files (x86)\windows kits\10\include\10.0.17134.0\ucrt\string.h(133): note: 参见“strcpy”的声明
c:\users\wsq_s\source\repos\consoleapplication1\consoleapplication1\consoleapplication1.cpp(672): error C4996: 'strcpy': This function or variable may be unsafe. Consider using strcpy_s instead. To disable deprecation, use _CRT_SECURE_NO_WARNINGS. See online help for details.
  c:\program files (x86)\windows kits\10\include\10.0.17134.0\ucrt\string.h(133): note: 参见“strcpy”的声明
c:\users\wsq_s\source\repos\consoleapplication1\consoleapplication1\consoleapplication1.cpp(673): error C4996: 'strcpy': This function or variable may be unsafe. Consider using strcpy_s instead. To disable deprecation, use _CRT_SECURE_NO_WARNINGS. See online help for details.
  c:\program files (x86)\windows kits\10\include\10.0.17134.0\ucrt\string.h(133): note: 参见“strcpy”的声明
c:\users\wsq_s\source\repos\consoleapplication1\consoleapplication1\consoleapplication1.cpp(674): error C4996: 'strcpy': This function or variable may be unsafe. Consider using strcpy_s instead. To disable deprecation, use _CRT_SECURE_NO_WARNINGS. See online help for details.
  c:\program files (x86)\windows kits\10\include\10.0.17134.0\ucrt\string.h(133): note: 参见“strcpy”的声明
c:\users\wsq_s\source\repos\consoleapplication1\consoleapplication1\consoleapplication1.cpp(675): error C4996: 'strcpy': This function or variable may be unsafe. Consider using strcpy_s instead. To disable deprecation, use _CRT_SECURE_NO_WARNINGS. See online help for details.
  c:\program files (x86)\windows kits\10\include\10.0.17134.0\ucrt\string.h(133): note: 参见“strcpy”的声明
c:\users\wsq_s\source\repos\consoleapplication1\consoleapplication1\consoleapplication1.cpp(676): error C4996: 'strcpy': This function or variable may be unsafe. Consider using strcpy_s instead. To disable deprecation, use _CRT_SECURE_NO_WARNINGS. See online help for details.
  c:\program files (x86)\windows kits\10\include\10.0.17134.0\ucrt\string.h(133): note: 参见“strcpy”的声明
c:\users\wsq_s\source\repos\consoleapplication1\consoleapplication1\consoleapplication1.cpp(677): error C4996: 'strcpy': This function or variable may be unsafe. Consider using strcpy_s instead. To disable deprecation, use _CRT_SECURE_NO_WARNINGS. See online help for details.
  c:\program files (x86)\windows kits\10\include\10.0.17134.0\ucrt\string.h(133): note: 参见“strcpy”的声明
c:\users\wsq_s\source\repos\consoleapplication1\consoleapplication1\consoleapplication1.cpp(696): error C4996: 'strcpy': This function or variable may be unsafe. Consider using strcpy_s instead. To disable deprecation, use _CRT_SECURE_NO_WARNINGS. See online help for details.
  c:\program files (x86)\windows kits\10\include\10.0.17134.0\ucrt\string.h(133): note: 参见“strcpy”的声明
c:\users\wsq_s\source\repos\consoleapplication1\consoleapplication1\consoleapplication1.cpp(697): error C4996: 'strcpy': This function or variable may be unsafe. Consider using strcpy_s instead. To disable deprecation, use _CRT_SECURE_NO_WARNINGS. See online help for details.
  c:\program files (x86)\windows kits\10\include\10.0.17134.0\ucrt\string.h(133): note: 参见“strcpy”的声明
c:\users\wsq_s\source\repos\consoleapplication1\consoleapplication1\consoleapplication1.cpp(698): error C4996: 'strcpy': This function or variable may be unsafe. Consider using strcpy_s instead. To disable deprecation, use _CRT_SECURE_NO_WARNINGS. See online help for details.
  c:\program files (x86)\windows kits\10\include\10.0.17134.0\ucrt\string.h(133): note: 参见“strcpy”的声明
c:\users\wsq_s\source\repos\consoleapplication1\consoleapplication1\consoleapplication1.cpp(699): error C4996: 'strcpy': This function or variable may be unsafe. Consider using strcpy_s instead. To disable deprecation, use _CRT_SECURE_NO_WARNINGS. See online help for details.
  c:\program files (x86)\windows kits\10\include\10.0.17134.0\ucrt\string.h(133): note: 参见“strcpy”的声明
c:\users\wsq_s\source\repos\consoleapplication1\consoleapplication1\consoleapplication1.cpp(700): error C4996: 'strcpy': This function or variable may be unsafe. Consider using strcpy_s instead. To disable deprecation, use _CRT_SECURE_NO_WARNINGS. See online help for details.
  c:\program files (x86)\windows kits\10\include\10.0.17134.0\ucrt\string.h(133): note: 参见“strcpy”的声明
c:\users\wsq_s\source\repos\consoleapplication1\consoleapplication1\consoleapplication1.cpp(701): error C4996: 'strcpy': This function or variable may be unsafe. Consider using strcpy_s instead. To disable deprecation, use _CRT_SECURE_NO_WARNINGS. See online help for details.
  c:\program files (x86)\windows kits\10\include\10.0.17134.0\ucrt\string.h(133): note: 参见“strcpy”的声明
c:\users\wsq_s\source\repos\consoleapplication1\consoleapplication1\consoleapplication1.cpp(702): error C4996: 'strcpy': This function or variable may be unsafe. Consider using strcpy_s instead. To disable deprecation, use _CRT_SECURE_NO_WARNINGS. See online help for details.
  c:\program files (x86)\windows kits\10\include\10.0.17134.0\ucrt\string.h(133): note: 参见“strcpy”的声明
c:\users\wsq_s\source\repos\consoleapplication1\consoleapplication1\consoleapplication1.cpp(703): error C4996: 'strcpy': This function or variable may be unsafe. Consider using strcpy_s instead. To disable deprecation, use _CRT_SECURE_NO_WARNINGS. See online help for details.
  c:\program files (x86)\windows kits\10\include\10.0.17134.0\ucrt\string.h(133): note: 参见“strcpy”的声明
c:\users\wsq_s\source\repos\consoleapplication1\consoleapplication1\consoleapplication1.cpp(704): error C4996: 'strcpy': This function or variable may be unsafe. Consider using strcpy_s instead. To disable deprecation, use _CRT_SECURE_NO_WARNINGS. See online help for details.
  c:\program files (x86)\windows kits\10\include\10.0.17134.0\ucrt\string.h(133): note: 参见“strcpy”的声明
c:\users\wsq_s\source\repos\consoleapplication1\consoleapplication1\consoleapplication1.cpp(705): error C4996: 'strcpy': This function or variable may be unsafe. Consider using strcpy_s instead. To disable deprecation, use _CRT_SECURE_NO_WARNINGS. See online help for details.
  c:\program files (x86)\windows kits\10\include\10.0.17134.0\ucrt\string.h(133): note: 参见“strcpy”的声明
c:\users\wsq_s\source\repos\consoleapplication1\consoleapplication1\consoleapplication1.cpp(706): error C4996: 'strcpy': This function or variable may be unsafe. Consider using strcpy_s instead. To disable deprecation, use _CRT_SECURE_NO_WARNINGS. See online help for details.
  c:\program files (x86)\windows kits\10\include\10.0.17134.0\ucrt\string.h(133): note: 参见“strcpy”的声明
c:\users\wsq_s\source\repos\consoleapplication1\consoleapplication1\consoleapplication1.cpp(722): error C4996: 'scanf': This function or variable may be unsafe. Consider using scanf_s instead. To disable deprecation, use _CRT_SECURE_NO_WARNINGS. See online help for details.
  c:\program files (x86)\windows kits\10\include\10.0.17134.0\ucrt\stdio.h(1274): note: 参见“scanf”的声明
c:\users\wsq_s\source\repos\consoleapplication1\consoleapplication1\consoleapplication1.cpp(739): warning C4566: 由通用字符名称“\uFFFD”表示的字符不能在当前代码页(936)中表示出来
c:\users\wsq_s\source\repos\consoleapplication1\consoleapplication1\consoleapplication1.cpp(739): warning C4566: 由通用字符名称“\u0773”表示的字符不能在当前代码页(936)中表示出来
c:\users\wsq_s\source\repos\consoleapplication1\consoleapplication1\consoleapplication1.cpp(739): warning C4566: 由通用字符名称“\u02BC”表示的字符不能在当前代码页(936)中表示出来
c:\users\wsq_s\source\repos\consoleapplication1\consoleapplication1\consoleapplication1.cpp(740): warning C4566: 由通用字符名称“\u05F7”表示的字符不能在当前代码页(936)中表示出来
c:\users\wsq_s\source\repos\consoleapplication1\consoleapplication1\consoleapplication1.cpp(740): warning C4566: 由通用字符名称“\uFFFD”表示的字符不能在当前代码页(936)中表示出来
c:\users\wsq_s\source\repos\consoleapplication1\consoleapplication1\consoleapplication1.cpp(741): warning C4566: 由通用字符名称“\uFFFD”表示的字符不能在当前代码页(936)中表示出来
c:\users\wsq_s\source\repos\consoleapplication1\consoleapplication1\consoleapplication1.cpp(741): warning C4566: 由通用字符名称“\u0F2D”表示的字符不能在当前代码页(936)中表示出来
c:\users\wsq_s\source\repos\consoleapplication1\consoleapplication1\consoleapplication1.cpp(741): warning C4566: 由通用字符名称“\u07B8”表示的字符不能在当前代码页(936)中表示出来
c:\users\wsq_s\source\repos\consoleapplication1\consoleapplication1\consoleapplication1.cpp(742): warning C4566: 由通用字符名称“\u027E”表示的字符不能在当前代码页(936)中表示出来
c:\users\wsq_s\source\repos\consoleapplication1\consoleapplication1\consoleapplication1.cpp(742): warning C4566: 由通用字符名称“\uFFFD”表示的字符不能在当前代码页(936)中表示出来
c:\users\wsq_s\source\repos\consoleapplication1\consoleapplication1\consoleapplication1.cpp(743): warning C4566: 由通用字符名称“\uFFFD”表示的字符不能在当前代码页(936)中表示出来
c:\users\wsq_s\source\repos\consoleapplication1\consoleapplication1\consoleapplication1.cpp(743): warning C4566: 由通用字符名称“\u022B”表示的字符不能在当前代码页(936)中表示出来
c:\users\wsq_s\source\repos\consoleapplication1\consoleapplication1\consoleapplication1.cpp(743): warning C4566: 由通用字符名称“\u03E2”表示的字符不能在当前代码页(936)中表示出来
c:\users\wsq_s\source\repos\consoleapplication1\consoleapplication1\consoleapplication1.cpp(744): warning C4566: 由通用字符名称“\uFFFD”表示的字符不能在当前代码页(936)中表示出来
c:\users\wsq_s\source\repos\consoleapplication1\consoleapplication1\consoleapplication1.cpp(744): warning C4566: 由通用字符名称“\u046F”表示的字符不能在当前代码页(936)中表示出来
c:\users\wsq_s\source\repos\consoleapplication1\consoleapplication1\consoleapplication1.cpp(744): warning C4566: 由通用字符名称“\u07F1”表示的字符不能在当前代码页(936)中表示出来
c:\users\wsq_s\source\repos\consoleapplication1\consoleapplication1\consoleapplication1.cpp(744): warning C4566: 由通用字符名称“\u0163”表示的字符不能在当前代码页(936)中表示出来
c:\users\wsq_s\source\repos\consoleapplication1\consoleapplication1\consoleapplication1.cpp(745): warning C4566: 由通用字符名称“\u0373”表示的字符不能在当前代码页(936)中表示出来
c:\users\wsq_s\source\repos\consoleapplication1\consoleapplication1\consoleapplication1.cpp(745): warning C4566: 由通用字符名称“\uFFFD”表示的字符不能在当前代码页(936)中表示出来
c:\users\wsq_s\source\repos\consoleapplication1\consoleapplication1\consoleapplication1.cpp(746): warning C4566: 由通用字符名称“\uFFFD”表示的字符不能在当前代码页(936)中表示出来
c:\users\wsq_s\source\repos\consoleapplication1\consoleapplication1\consoleapplication1.cpp(746): warning C4566: 由通用字符名称“\u053A”表示的字符不能在当前代码页(936)中表示出来
c:\users\wsq_s\source\repos\consoleapplication1\consoleapplication1\consoleapplication1.cpp(746): warning C4566: 由通用字符名称“\u02B1”表示的字符不能在当前代码页(936)中表示出来
c:\users\wsq_s\source\repos\consoleapplication1\consoleapplication1\consoleapplication1.cpp(747): warning C4566: 由通用字符名称“\uFFFD”表示的字符不能在当前代码页(936)中表示出来
c:\users\wsq_s\source\repos\consoleapplication1\consoleapplication1\consoleapplication1.cpp(747): warning C4566: 由通用字符名称“\u02F3”表示的字符不能在当前代码页(936)中表示出来
c:\users\wsq_s\source\repos\consoleapplication1\consoleapplication1\consoleapplication1.cpp(749): warning C4566: 由通用字符名称“\u0461”表示的字符不能在当前代码页(936)中表示出来
c:\users\wsq_s\source\repos\consoleapplication1\consoleapplication1\consoleapplication1.cpp(749): warning C4566: 由通用字符名称“\uFFFD”表示的字符不能在当前代码页(936)中表示出来
c:\users\wsq_s\source\repos\consoleapplication1\consoleapplication1\consoleapplication1.cpp(749): warning C4566: 由通用字符名称“\u04AA”表示的字符不能在当前代码页(936)中表示出来
c:\users\wsq_s\source\repos\consoleapplication1\consoleapplication1\consoleapplication1.cpp(749): warning C4566: 由通用字符名称“\u02B5”表示的字符不能在当前代码页(936)中表示出来
c:\users\wsq_s\source\repos\consoleapplication1\consoleapplication1\consoleapplication1.cpp(749): warning C4566: 由通用字符名称“\u05B5”表示的字符不能在当前代码页(936)中表示出来
c:\users\wsq_s\source\repos\consoleapplication1\consoleapplication1\consoleapplication1.cpp(749): warning C4566: 由通用字符名称“\u0139”表示的字符不能在当前代码页(936)中表示出来
c:\users\wsq_s\source\repos\consoleapplication1\consoleapplication1\consoleapplication1.cpp(750): error C4996: 'scanf': This function or variable may be unsafe. Consider using scanf_s instead. To disable deprecation, use _CRT_SECURE_NO_WARNINGS. See online help for details.
  c:\program files (x86)\windows kits\10\include\10.0.17134.0\ucrt\stdio.h(1274): note: 参见“scanf”的声明
